Arguments: 
  C:\Program Files\nodejs\node.exe C:\Program Files (x86)\Yarn\bin\yarn.js init

PATH: 
  C:\Users\i00109058\bin;C:\Program Files\Git\mingw64\bin;C:\Program Files\Git\usr\local\bin;C:\Program Files\Git\usr\bin;C:\Program Files\Git\usr\bin;C:\Program Files\Git\cmd;C:\Program Files\ConEmu\ConEmu\Scripts;C:\Program Files\ConEmu;C:\Program Files\ConEmu\ConEmu;C:\Program Files\Java\jre1.8.0_201\bin;C:\Program Files (x86)\Google\Cloud SDK\google-cloud-sdk\bin;C:\Python27\Scripts;C:\Python27;C:\Portable;C:\Program Files (x86)\Microsoft SDKs\Azure\CLI2\wbin;C:\Program Files\nodejs;C:\Program Files\Microsoft MPI\Bin;C:\Program Files (x86)\Intel\Intel(R) Management Engine Components\iCLS;C:\Program Files\Intel\Intel(R) Management Engine Components\iCLS;C:\WINDOWS\system32;C:\WINDOWS;C:\WINDOWS\System32\Wbem;C:\WINDOWS\System32\WindowsPowerShell\v1.0;C:\Program Files (x86)\Intel\Intel(R) Management Engine Components\DAL;C:\Program Files\Intel\Intel(R) Management Engine Components\DAL;C:\Program Files (x86)\Intel\Intel(R) Management Engine Components\IPT;C:\Program Files\Intel\Intel(R) Management Engine Components\IPT;C:\OpenText\Viewer\bin;C:\Program Files\Microsoft SQL Server\120\Tools\Binn;C:\Program Files (x86)\Microsoft SQL Server\100\Tools\Binn;C:\Program Files\Microsoft SQL Server\100\Tools\Binn;C:\Program Files\Microsoft SQL Server\100\DTS\Binn;C:\Program Files\Microsoft SQL Server\130\Tools\Binn;C:\Program Files\Git\cmd;C:\Program Files\dotnet;C:\Program Files\Microsoft VS Code\bin;C:\Windows\SysWOW64\Empirum;C:\Program Files\PuTTY;C:\Program Files (x86)\Yarn\bin;C:\Program Files (x86)\OpenText\Viewer\bin;C:\WINDOWS\System32\OpenSSH;C:\Program Files\Intel\WiFi\bin;C:\Program Files\Common Files\Intel\WirelessCommon;C:\Gradle\gradle-5.4.1\bin;D:\Projekte.P\Hauptprojekte\SW_Plattform\Betriebsmittelsoftware_NG\Configuration\Exports;D:\Projekte.P\Hauptprojekte\SW_Plattform\Betriebsmittelsoftware_NG\Compensation\Exports;D:\Projekte.P\Hauptprojekte\SW_Plattform\Betriebsmittelsoftware_NG\Common_Libs\GSL;D:\Projekte.QVCS\Gemeinsame_Basis\Software\Exports;D:\Projekte.QVCS\Labor_Druckmesstechnik\SW_Messtechnik\PrueflaufNG\Exports\dll;C:\Program Files (x86)\GitExtensions;C:\Program Files\CMake\bin;C:\Program Files (x86)\PuTTY;C:\Program Files\nodejs;C:\Users\i00109058\AppData\Local\Microsoft\WindowsApps;C:\Users\i00109058\AppData\Local\Yarn\bin;C:\Users\i00109058\AppData\Local\Microsoft\WindowsApps;C:\Program Files\JetBrains\WebStorm 2019.2\bin;C:\Users\i00109058\AppData\Roaming\npm;C:\Program Files\heroku\bin;C:\Program Files\Git\usr\bin\vendor_perl;C:\Program Files\Git\usr\bin\core_perl

Yarn version: 
  1.15.2

Node version: 
  12.6.0

Platform: 
  win32 x64

Trace: 
  Error: canceled
      at Interface.<anonymous> (C:\Program Files (x86)\Yarn\lib\cli.js:125801:13)
      at Interface.emit (events.js:203:13)
      at Interface._ttyWrite (readline.js:877:16)
      at ReadStream.onkeypress (readline.js:189:10)
      at ReadStream.emit (events.js:203:13)
      at emitKeys (internal/readline.js:424:14)
      at emitKeys.next (<anonymous>)
      at ReadStream.onData (readline.js:1145:36)
      at ReadStream.emit (events.js:203:13)
      at addChunk (_stream_readable.js:294:12)

npm manifest: 
  No manifest

yarn manifest: 
  No manifest

Lockfile: 
  No lockfile
